<?xml version="1.0" encoding="UTF-8"?>
<testng-results ignored="0" total="1" passed="1" failed="0" skipped="0">
  <reporter-output>
  </reporter-output>
  <suite started-at="2023-07-11T17:21:21 IST" name="Default suite" finished-at="2023-07-11T17:21:26 IST" duration-ms="4507">
    <groups>
    </groups>
    <test started-at="2023-07-11T17:21:21 IST" name="Default test" finished-at="2023-07-11T17:21:26 IST" duration-ms="4507">
      <class name="pack1.Sample1Test">
        <test-method signature="m1()[pri:0, instance:pack1.Sample1Test@865dd6]" started-at="2023-07-11T17:21:21 IST" name="m1" finished-at="2023-07-11T17:21:26 IST" duration-ms="4477" status="PASS">
          <reporter-output>
          </reporter-output>
        </test-method> <!-- m1 -->
      </class> <!-- pack1.Sample1Test -->
    </test> <!-- Default test -->
  </suite> <!-- Default suite -->
</testng-results>
